{"uuid":"573f2238-960f-4ec7-8da0-e8b5722132a6","historyId":"c83db2ae5eba5027990084332a856d75","fullName":"Users Suits: Success Login Test","labels":[{"name":"tag","value":"user"},{"name":"host","value":"DESKTOP-IU9B05E"},{"name":"thread","value":"27072@DESKTOP-IU9B05E.main(1)"},{"name":"feature","value":"Users Suits"},{"name":"story","value":"Success Login Test"},{"name":"suite","value":"Users Suits"},{"name":"testClass","value":"Success Login Test"},{"name":"framework","value":"cucumber6jvm"},{"name":"language","value":"java"},{"name":"gherkin_uri","value":"file:///C:/Users/Enis/Downloads/Beko-cucumber-2024/src/test/java/features/User/Test01_LoginSuccess.feature"},{"name":"package","value":"src.test.java.features.User.Test01_LoginSuccess_feature.Users Suits"}],"links":[],"name":"Success Login Test","status":"broken","statusDetails":{"known":false,"muted":false,"flaky":false,"message":"element click intercepted: Element <button id=\"g-recaptcha-btn-login\" class=\"btn btn-primary\" type=\"button\" title=\"Giriş Yap\" aria-label=\"Üye Girişi\" style=\"\">...</button> is not clickable at point (317, 678). Other element would receive the click: <a href=\"#\">...</a>\n  (Session info: chrome=125.0.6422.142)\nBuild info: version: '4.9.1', revision: 'eb2032df7f'\nSystem info: os.name: 'Windows 10', os.arch: 'amd64', os.version: '10.0', java.version: '17.0.4.1'\nDriver info: org.openqa.selenium.chrome.ChromeDriver\nCommand: [410a170c2a7aeb1cc57c6637a74185b3, clickElement {id=f.4DBF877B791938DE27C96CB8C1D0C178.d.52D99BC2FB648E9B81B58A85F29A996C.e.65}]\nCapabilities {acceptInsecureCerts: false, browserName: chrome, browserVersion: 125.0.6422.142, chrome: {chromedriverVersion: 125.0.6422.141 (4b1e8393712..., userDataDir: C:\\Users\\Enis\\AppData\\Local...}, fedcm:accounts: true, goog:chromeOptions: {debuggerAddress: localhost:60603}, networkConnectionEnabled: false, pageLoadStrategy: normal, platformName: windows, proxy: Proxy(), se:cdp: ws://localhost:60603/devtoo..., se:cdpVersion: 125.0.6422.142, setWindowRect: true, strictFileInteractability: false, timeouts: {implicit: 0, pageLoad: 300000, script: 30000}, unhandledPromptBehavior: dismiss and notify, webauthn:extension:credBlob: true, webauthn:extension:largeBlob: true, webauthn:extension:minPinLength: true, webauthn:extension:prf: true, webauthn:virtualAuthenticators: true}\nElement: [[ChromeDriver: chrome on windows (410a170c2a7aeb1cc57c6637a74185b3)] -> xpath: //button[@id='g-recaptcha-btn-login']]\nSession ID: 410a170c2a7aeb1cc57c6637a74185b3","trace":"org.openqa.selenium.ElementClickInterceptedException: element click intercepted: Element <button id=\"g-recaptcha-btn-login\" class=\"btn btn-primary\" type=\"button\" title=\"Giriş Yap\" aria-label=\"Üye Girişi\" style=\"\">...</button> is not clickable at point (317, 678). Other element would receive the click: <a href=\"#\">...</a>\n  (Session info: chrome=125.0.6422.142)\nBuild info: version: '4.9.1', revision: 'eb2032df7f'\nSystem info: os.name: 'Windows 10', os.arch: 'amd64', os.version: '10.0', java.version: '17.0.4.1'\nDriver info: org.openqa.selenium.chrome.ChromeDriver\nCommand: [410a170c2a7aeb1cc57c6637a74185b3, clickElement {id=f.4DBF877B791938DE27C96CB8C1D0C178.d.52D99BC2FB648E9B81B58A85F29A996C.e.65}]\nCapabilities {acceptInsecureCerts: false, browserName: chrome, browserVersion: 125.0.6422.142, chrome: {chromedriverVersion: 125.0.6422.141 (4b1e8393712..., userDataDir: C:\\Users\\Enis\\AppData\\Local...}, fedcm:accounts: true, goog:chromeOptions: {debuggerAddress: localhost:60603}, networkConnectionEnabled: false, pageLoadStrategy: normal, platformName: windows, proxy: Proxy(), se:cdp: ws://localhost:60603/devtoo..., se:cdpVersion: 125.0.6422.142, setWindowRect: true, strictFileInteractability: false, timeouts: {implicit: 0, pageLoad: 300000, script: 30000}, unhandledPromptBehavior: dismiss and notify, webauthn:extension:credBlob: true, webauthn:extension:largeBlob: true, webauthn:extension:minPinLength: true, webauthn:extension:prf: true, webauthn:virtualAuthenticators: true}\nElement: [[ChromeDriver: chrome on windows (410a170c2a7aeb1cc57c6637a74185b3)] -> xpath: //button[@id='g-recaptcha-btn-login']]\nSession ID: 410a170c2a7aeb1cc57c6637a74185b3\r\n\tat java.base/jdk.internal.reflect.NativeConstructorAccessorImpl.newInstance0(Native Method)\r\n\tat java.base/jdk.internal.reflect.NativeConstructorAccessorImpl.newInstance(NativeConstructorAccessorImpl.java:77)\r\n\tat java.base/jdk.internal.reflect.DelegatingConstructorAccessorImpl.newInstance(DelegatingConstructorAccessorImpl.java:45)\r\n\tat java.base/java.lang.reflect.Constructor.newInstanceWithCaller(Constructor.java:499)\r\n\tat java.base/java.lang.reflect.Constructor.newInstance(Constructor.java:480)\r\n\tat org.openqa.selenium.remote.codec.w3c.W3CHttpResponseCodec.createException(W3CHttpResponseCodec.java:200)\r\n\tat org.openqa.selenium.remote.codec.w3c.W3CHttpResponseCodec.decode(W3CHttpResponseCodec.java:133)\r\n\tat org.openqa.selenium.remote.codec.w3c.W3CHttpResponseCodec.decode(W3CHttpResponseCodec.java:53)\r\n\tat org.openqa.selenium.remote.HttpCommandExecutor.execute(HttpCommandExecutor.java:193)\r\n\tat org.openqa.selenium.remote.service.DriverCommandExecutor.invokeExecute(DriverCommandExecutor.java:183)\r\n\tat org.openqa.selenium.remote.service.DriverCommandExecutor.execute(DriverCommandExecutor.java:158)\r\n\tat org.openqa.selenium.remote.RemoteWebDriver.execute(RemoteWebDriver.java:543)\r\n\tat org.openqa.selenium.remote.RemoteWebElement.execute(RemoteWebElement.java:257)\r\n\tat org.openqa.selenium.remote.RemoteWebElement.click(RemoteWebElement.java:78)\r\n\tat commons.CommonLib.clickElementWaitUntilClickable(CommonLib.java:139)\r\n\tat stepdef.MyStepdefs.clickElementWaitUntilClickable(MyStepdefs.java:49)\r\n\tat ✽.I wait until element to be clickable and click to \"giris yap\" element(file:///C:/Users/Enis/Downloads/Beko-cucumber-2024/src/test/java/features/User/Test01_LoginSuccess.feature:17)\r\n"},"stage":"finished","steps":[{"name":"When  I see \"HomePage\" page","status":"passed","statusDetails":{"known":false,"muted":false,"flaky":false},"stage":"finished","steps":[{"name":"page json file is found(HomePage.json)","status":"passed","stage":"finished","steps":[],"attachments":[],"parameters":[],"start":1718226262224,"stop":1718226262224},{"name":"page json file is found(HomePage.json)","status":"passed","stage":"finished","steps":[],"attachments":[],"parameters":[],"start":1718226262224,"stop":1718226262224},{"name":"there is no waitElement on the page","status":"skipped","stage":"finished","steps":[],"attachments":[],"parameters":[],"start":1718226262224,"stop":1718226262224}],"attachments":[],"parameters":[],"start":1718226262223,"stop":1718226262225},{"name":"Then  I go to url:\"https://akamai-s1-astra-stage.beko.com.tr/\"","status":"passed","statusDetails":{"known":false,"muted":false,"flaky":false},"stage":"finished","steps":[{"name":"Sleep","status":"passed","stage":"finished","steps":[],"attachments":[],"parameters":[],"start":1718226267609,"stop":1718226267609},{"name":"Url opened successfully","status":"passed","stage":"finished","steps":[],"attachments":[],"parameters":[],"start":1718226267819,"stop":1718226267819}],"attachments":[{"name":"ScreenShot: Url opened successfully","source":"af083848-6d50-4c59-826b-c1a73bd28edc-attachment"}],"parameters":[],"start":1718226262225,"stop":1718226267819},{"name":"Then  I wait \"uyelik button\" element","status":"passed","statusDetails":{"known":false,"muted":false,"flaky":false},"stage":"finished","steps":[{"name":"page json file is found(HomePage.json)","status":"passed","stage":"finished","steps":[],"attachments":[],"parameters":[],"start":1718226267822,"stop":1718226267822},{"name":"uyelik buttonElement is found","status":"passed","stage":"finished","steps":[],"attachments":[],"parameters":[],"start":1718226268045,"stop":1718226268045}],"attachments":[{"name":"ScreenShot: uyelik buttonElement is found","source":"ffc07c57-d2fd-4511-9b06-ceac411d9c4b-attachment"}],"parameters":[],"start":1718226267821,"stop":1718226268056},{"name":"Then  I sleep for 5 seconds","status":"passed","statusDetails":{"known":false,"muted":false,"flaky":false},"stage":"finished","steps":[{"name":"Sleep","status":"passed","stage":"finished","steps":[],"attachments":[],"parameters":[],"start":1718226273062,"stop":1718226273062}],"attachments":[],"parameters":[],"start":1718226268056,"stop":1718226273063},{"name":"Then  I wait until element to be clickable and click to \"uyelik button\" element","status":"passed","statusDetails":{"known":false,"muted":false,"flaky":false},"stage":"finished","steps":[{"name":"page json file is found(HomePage.json)","status":"passed","stage":"finished","steps":[],"attachments":[],"parameters":[],"start":1718226273065,"stop":1718226273065},{"name":"Clicked to element.","status":"passed","stage":"finished","steps":[],"attachments":[],"parameters":[],"start":1718226273367,"stop":1718226273367}],"attachments":[{"name":"ScreenShot: Clicked to element.","source":"4a301b87-9b00-4e32-84a3-3c13e54ebe44-attachment"}],"parameters":[],"start":1718226273064,"stop":1718226276494},{"name":"When  I see \"LoginPage\" page","status":"passed","statusDetails":{"known":false,"muted":false,"flaky":false},"stage":"finished","steps":[{"name":"page json file is found(LoginPage.json)","status":"passed","stage":"finished","steps":[],"attachments":[],"parameters":[],"start":1718226276496,"stop":1718226276496},{"name":"page json file is found(LoginPage.json)","status":"passed","stage":"finished","steps":[],"attachments":[],"parameters":[],"start":1718226276497,"stop":1718226276497},{"name":"there is no waitElement on the page","status":"skipped","stage":"finished","steps":[],"attachments":[],"parameters":[],"start":1718226276497,"stop":1718226276497}],"attachments":[],"parameters":[],"start":1718226276495,"stop":1718226276497},{"name":"Then  I wait \"username\" element","status":"passed","statusDetails":{"known":false,"muted":false,"flaky":false},"stage":"finished","steps":[{"name":"page json file is found(LoginPage.json)","status":"passed","stage":"finished","steps":[],"attachments":[],"parameters":[],"start":1718226276499,"stop":1718226276499},{"name":"usernameElement is found","status":"passed","stage":"finished","steps":[],"attachments":[],"parameters":[],"start":1718226277056,"stop":1718226277056}],"attachments":[{"name":"ScreenShot: usernameElement is found","source":"0325d063-9233-41bf-8360-23975bf79efd-attachment"}],"parameters":[],"start":1718226276498,"stop":1718226277064},{"name":"Then  I wait \"password\" element","status":"passed","statusDetails":{"known":false,"muted":false,"flaky":false},"stage":"finished","steps":[{"name":"page json file is found(LoginPage.json)","status":"passed","stage":"finished","steps":[],"attachments":[],"parameters":[],"start":1718226277064,"stop":1718226277064},{"name":"passwordElement is found","status":"passed","stage":"finished","steps":[],"attachments":[],"parameters":[],"start":1718226277370,"stop":1718226277370}],"attachments":[{"name":"ScreenShot: passwordElement is found","source":"f267b00e-f511-42ab-af32-1d03c2583408-attachment"}],"parameters":[],"start":1718226277064,"stop":1718226277380},{"name":"Then  I send key to \"username\" element text:\"<username>\"","status":"passed","statusDetails":{"known":false,"muted":false,"flaky":false},"stage":"finished","steps":[{"name":"page json file is found(LoginPage.json)","status":"passed","stage":"finished","steps":[],"attachments":[],"parameters":[],"start":1718226277380,"stop":1718226277380},{"name":"Text send text area","status":"passed","stage":"finished","steps":[],"attachments":[],"parameters":[],"start":1718226277748,"stop":1718226277748}],"attachments":[{"name":"ScreenShot: Text send text area","source":"6775403c-0318-4c53-877b-bdeddc5d1b4d-attachment"}],"parameters":[],"start":1718226277380,"stop":1718226277749},{"name":"Then  I send key to \"password\" element text:\"Albayrak.41\"","status":"passed","statusDetails":{"known":false,"muted":false,"flaky":false},"stage":"finished","steps":[{"name":"page json file is found(LoginPage.json)","status":"passed","stage":"finished","steps":[],"attachments":[],"parameters":[],"start":1718226277751,"stop":1718226277751},{"name":"Text send text area","status":"passed","stage":"finished","steps":[],"attachments":[],"parameters":[],"start":1718226278195,"stop":1718226278195}],"attachments":[{"name":"ScreenShot: Text send text area","source":"8ba75946-2b19-43e7-8dbf-7836482245b6-attachment"}],"parameters":[],"start":1718226277750,"stop":1718226278196},{"name":"Then  I wait until element to be clickable and click to \"giris yap\" element","status":"broken","statusDetails":{"known":false,"muted":false,"flaky":false,"message":"element click intercepted: Element <button id=\"g-recaptcha-btn-login\" class=\"btn btn-primary\" type=\"button\" title=\"Giriş Yap\" aria-label=\"Üye Girişi\" style=\"\">...</button> is not clickable at point (317, 678). Other element would receive the click: <a href=\"#\">...</a>\n  (Session info: chrome=125.0.6422.142)\nBuild info: version: '4.9.1', revision: 'eb2032df7f'\nSystem info: os.name: 'Windows 10', os.arch: 'amd64', os.version: '10.0', java.version: '17.0.4.1'\nDriver info: org.openqa.selenium.chrome.ChromeDriver\nCommand: [410a170c2a7aeb1cc57c6637a74185b3, clickElement {id=f.4DBF877B791938DE27C96CB8C1D0C178.d.52D99BC2FB648E9B81B58A85F29A996C.e.65}]\nCapabilities {acceptInsecureCerts: false, browserName: chrome, browserVersion: 125.0.6422.142, chrome: {chromedriverVersion: 125.0.6422.141 (4b1e8393712..., userDataDir: C:\\Users\\Enis\\AppData\\Local...}, fedcm:accounts: true, goog:chromeOptions: {debuggerAddress: localhost:60603}, networkConnectionEnabled: false, pageLoadStrategy: normal, platformName: windows, proxy: Proxy(), se:cdp: ws://localhost:60603/devtoo..., se:cdpVersion: 125.0.6422.142, setWindowRect: true, strictFileInteractability: false, timeouts: {implicit: 0, pageLoad: 300000, script: 30000}, unhandledPromptBehavior: dismiss and notify, webauthn:extension:credBlob: true, webauthn:extension:largeBlob: true, webauthn:extension:minPinLength: true, webauthn:extension:prf: true, webauthn:virtualAuthenticators: true}\nElement: [[ChromeDriver: chrome on windows (410a170c2a7aeb1cc57c6637a74185b3)] -> xpath: //button[@id='g-recaptcha-btn-login']]\nSession ID: 410a170c2a7aeb1cc57c6637a74185b3","trace":"org.openqa.selenium.ElementClickInterceptedException: element click intercepted: Element <button id=\"g-recaptcha-btn-login\" class=\"btn btn-primary\" type=\"button\" title=\"Giriş Yap\" aria-label=\"Üye Girişi\" style=\"\">...</button> is not clickable at point (317, 678). Other element would receive the click: <a href=\"#\">...</a>\n  (Session info: chrome=125.0.6422.142)\nBuild info: version: '4.9.1', revision: 'eb2032df7f'\nSystem info: os.name: 'Windows 10', os.arch: 'amd64', os.version: '10.0', java.version: '17.0.4.1'\nDriver info: org.openqa.selenium.chrome.ChromeDriver\nCommand: [410a170c2a7aeb1cc57c6637a74185b3, clickElement {id=f.4DBF877B791938DE27C96CB8C1D0C178.d.52D99BC2FB648E9B81B58A85F29A996C.e.65}]\nCapabilities {acceptInsecureCerts: false, browserName: chrome, browserVersion: 125.0.6422.142, chrome: {chromedriverVersion: 125.0.6422.141 (4b1e8393712..., userDataDir: C:\\Users\\Enis\\AppData\\Local...}, fedcm:accounts: true, goog:chromeOptions: {debuggerAddress: localhost:60603}, networkConnectionEnabled: false, pageLoadStrategy: normal, platformName: windows, proxy: Proxy(), se:cdp: ws://localhost:60603/devtoo..., se:cdpVersion: 125.0.6422.142, setWindowRect: true, strictFileInteractability: false, timeouts: {implicit: 0, pageLoad: 300000, script: 30000}, unhandledPromptBehavior: dismiss and notify, webauthn:extension:credBlob: true, webauthn:extension:largeBlob: true, webauthn:extension:minPinLength: true, webauthn:extension:prf: true, webauthn:virtualAuthenticators: true}\nElement: [[ChromeDriver: chrome on windows (410a170c2a7aeb1cc57c6637a74185b3)] -> xpath: //button[@id='g-recaptcha-btn-login']]\nSession ID: 410a170c2a7aeb1cc57c6637a74185b3\r\n\tat java.base/jdk.internal.reflect.NativeConstructorAccessorImpl.newInstance0(Native Method)\r\n\tat java.base/jdk.internal.reflect.NativeConstructorAccessorImpl.newInstance(NativeConstructorAccessorImpl.java:77)\r\n\tat java.base/jdk.internal.reflect.DelegatingConstructorAccessorImpl.newInstance(DelegatingConstructorAccessorImpl.java:45)\r\n\tat java.base/java.lang.reflect.Constructor.newInstanceWithCaller(Constructor.java:499)\r\n\tat java.base/java.lang.reflect.Constructor.newInstance(Constructor.java:480)\r\n\tat org.openqa.selenium.remote.codec.w3c.W3CHttpResponseCodec.createException(W3CHttpResponseCodec.java:200)\r\n\tat org.openqa.selenium.remote.codec.w3c.W3CHttpResponseCodec.decode(W3CHttpResponseCodec.java:133)\r\n\tat org.openqa.selenium.remote.codec.w3c.W3CHttpResponseCodec.decode(W3CHttpResponseCodec.java:53)\r\n\tat org.openqa.selenium.remote.HttpCommandExecutor.execute(HttpCommandExecutor.java:193)\r\n\tat org.openqa.selenium.remote.service.DriverCommandExecutor.invokeExecute(DriverCommandExecutor.java:183)\r\n\tat org.openqa.selenium.remote.service.DriverCommandExecutor.execute(DriverCommandExecutor.java:158)\r\n\tat org.openqa.selenium.remote.RemoteWebDriver.execute(RemoteWebDriver.java:543)\r\n\tat org.openqa.selenium.remote.RemoteWebElement.execute(RemoteWebElement.java:257)\r\n\tat org.openqa.selenium.remote.RemoteWebElement.click(RemoteWebElement.java:78)\r\n\tat commons.CommonLib.clickElementWaitUntilClickable(CommonLib.java:139)\r\n\tat stepdef.MyStepdefs.clickElementWaitUntilClickable(MyStepdefs.java:49)\r\n\tat ✽.I wait until element to be clickable and click to \"giris yap\" element(file:///C:/Users/Enis/Downloads/Beko-cucumber-2024/src/test/java/features/User/Test01_LoginSuccess.feature:17)\r\n"},"stage":"finished","steps":[{"name":"page json file is found(LoginPage.json)","status":"passed","stage":"finished","steps":[],"attachments":[],"parameters":[],"start":1718226278197,"stop":1718226278197},{"name":"Clicked to element.","status":"passed","stage":"finished","steps":[],"attachments":[],"parameters":[],"start":1718226278523,"stop":1718226278523}],"attachments":[{"name":"ScreenShot: Clicked to element.","source":"3f30adbb-1c92-49a5-a4a0-7924962901b9-attachment"}],"parameters":[],"start":1718226278196,"stop":1718226279607},{"name":"Then  I sleep for 5 seconds","status":"skipped","statusDetails":{"known":false,"muted":false,"flaky":false},"stage":"finished","steps":[],"attachments":[],"parameters":[],"start":1718226279607,"stop":1718226279607}],"attachments":[],"parameters":[{"name":"usernameWrong","value":"bekos1te@gmail.com"},{"name":"password","value":"Albayrak.41"}],"start":1718226262191,"stop":1718226279609}